Abstraction #0 * * node status * 1 active
active
active
active
active
active

Abstraction #1 * * node temperature * 1 ambient=*
ambient=30
ambient=30
ambient=31
ambient=30
ambient=29
ambient=26
ambient=30
ambient=32
ambient=29
ambient=33
ambient=28
ambient=31
ambient=33
ambient=31
ambient=30
ambient=30
ambient=31
ambient=31
ambient=26
ambient=31
ambient=29
ambient=27
ambient=30
ambient=26
ambient=34
ambient=31
ambient=32
ambient=33
ambient=35
ambient=31
ambient=31
ambient=31
ambient=30
ambient=31
ambient=29
ambient=26
ambient=33
ambient=31
ambient=34
ambient=35
ambient=30
ambient=35
ambient=33
ambient=33
ambient=30
ambient=28
ambient=27
ambient=32
ambient=31
ambient=35
ambient=32
ambient=28
ambient=30
ambient=31
ambient=31
ambient=29
ambient=29
ambient=30
ambient=30
ambient=33
ambient=32
ambient=27
ambient=32
ambient=33
ambient=29
ambient=32
ambient=29
ambient=36
ambient=29
ambient=30
ambient=29
ambient=32
ambient=30
ambient=32
ambient=30
ambient=33
ambient=31
ambient=33
ambient=33
ambient=31
ambient=33
ambient=27
ambient=33
ambient=33
ambient=29
ambient=33
ambient=36
ambient=30
ambient=28
ambient=26
ambient=29
ambient=25
ambient=29
ambient=34
ambient=28
ambient=27
ambient=27
ambient=33
ambient=27
ambient=30
ambient=33
ambient=27
ambient=27
ambient=27
ambient=26
ambient=29
ambient=28
ambient=28
ambient=26
ambient=35
ambient=33
ambient=32
ambient=31
ambient=31
ambient=27
ambient=33
ambient=32
ambient=30
ambient=34
ambient=27
ambient=23
ambient=29
ambient=28
ambient=26
ambient=28
ambient=25
ambient=24
ambient=34
ambient=31
ambient=28
ambient=30
ambient=33
ambient=31
ambient=31
ambient=33
ambient=32
ambient=27
ambient=29
ambient=25
ambient=28
ambient=33
ambient=33
ambient=36
ambient=36
ambient=28
ambient=35
ambient=29
ambient=25
ambient=34
ambient=35
ambient=36
ambient=35
ambient=27
ambient=29
ambient=26
ambient=26
ambient=30
ambient=24
ambient=30
ambient=31
ambient=33
ambient=31
ambient=27
ambient=29
ambient=31
ambient=30
ambient=32
ambient=29
ambient=24
ambient=30
ambient=28
ambient=34
ambient=25
ambient=26
ambient=25
ambient=25
ambient=25
ambient=27
ambient=30
ambient=31
ambient=29
ambient=28
ambient=28
ambient=25
ambient=30
ambient=30
ambient=26
ambient=25
ambient=29
ambient=29
ambient=27
ambient=26
ambient=25
ambient=28
ambient=29
ambient=28
ambient=30
ambient=30
ambient=27
ambient=28
ambient=30
ambient=30
ambient=27
ambient=26
ambient=27
ambient=24
ambient=26
ambient=31
ambient=29
ambient=29
ambient=27
ambient=33
ambient=30
ambient=29
ambient=33
ambient=29
ambient=30
ambient=29
ambient=28
ambient=32
ambient=28
ambient=28
ambient=29
ambient=30
ambient=31
ambient=31
ambient=34
ambient=36
ambient=33
ambient=25
ambient=36
ambient=33
ambient=25
ambient=30
ambient=33
ambient=37
ambient=27
ambient=30
ambient=35
ambient=27
ambient=29
ambient=28
ambient=28
ambient=27
ambient=26
ambient=25
ambient=30
ambient=35
ambient=32
ambient=29
ambient=35
ambient=27
ambient=29
ambient=28
ambient=28
ambient=25
ambient=25
ambient=27
ambient=30
ambient=28
ambient=25
ambient=27
ambient=25
ambient=28
ambient=33
ambient=36
ambient=30
ambient=36
ambient=33
ambient=31
ambient=27
ambient=26
ambient=33
ambient=36
ambient=33
ambient=26
ambient=25
ambient=27
ambient=31
ambient=25
ambient=28
ambient=32
ambient=33
ambient=28
ambient=31
ambient=30
ambient=29
ambient=30
ambient=27
ambient=28
ambient=26
ambient=34

Abstraction #2 * full partition status * 1 blocked
blocked
blocked
blocked
blocked
blocked
blocked
blocked
blocked
blocked
blocked
blocked
blocked
blocked
blocked
blocked

Abstraction #3 * * action start * 1 boot  (command *)
boot  (command 1911)
boot  (command 1910)
boot  (command 1978)
boot  (command 1967)
boot  (command 1999)
boot  (command 1981)
boot  (command 1973)
boot  (command 2152)
boot  (command 2141)
boot  (command 2110)
boot  (command 2160)
boot  (command 2183)
boot  (command 2257)
boot  (command 2316)
boot  (command 2316)
boot  (command 2368)
boot  (command 2392)
boot  (command 2406)
boot  (command 2417)
boot  (command 2423)
boot  (command 2464)
boot  (command 2520)
boot  (command 2517)
boot  (command 2514)
boot  (command 2625)
boot  (command 2616)
boot  (command 2619)
boot  (command 2616)
boot  (command 2616)
boot  (command 2602)
boot  (command 2584)
boot  (command 2550)
boot  (command 2548)
boot  (command 2538)
boot  (command 2686)
boot  (command 2790)
boot  (command 2960)
boot  (command 2999)
boot  (command 3138)
boot  (command 3169)
boot  (command 3169)
boot  (command 3194)
boot  (command 3320)
boot  (command 3318)
boot  (command 3317)
boot  (command 3334)
boot  (command 3413)
boot  (command 3473)
boot  (command 3519)
boot  (command 3512)
boot  (command 3579)
boot  (command 3572)
boot  (command 3580)
boot  (command 3615)
boot  (command 3624)
boot  (command 3639)
boot  (command 3696)
boot  (command 3951)
boot  (command 3928)
boot  (command 3939)
boot  (command 3964)
boot  (command 4024)
boot  (command 4118)
boot  (command 4109)
boot  (command 4176)
boot  (command 4170)
boot  (command 4223)

Abstraction #4 27373 node-55 action error 1076176599 1 boot (command *) Error: HALT asserted\  cannot continue
boot (command 2092) Error: HALT asserted\  cannot continue

Abstraction #5 * * action start * 1 bootGenvmunix  (command *)
bootGenvmunix  (command 1903)
bootGenvmunix  (command 4185)

Abstraction #6 58843 full partition status 1126818053 1 closing
closing

Abstraction #7 * * action start * 1 clusterAddMember  (command *)
clusterAddMember  (command 1902)
clusterAddMember  (command 1900)

Abstraction #8 * * clusterfilesystem clusterfilesystem.not_served * 1 ClusterFileSystem: ServerFileSystem domain * is no longer served by node node-*
ClusterFileSystem: ServerFileSystem domain cluster_root_backup is no longer served by node node-96
ClusterFileSystem: ServerFileSystem domain root_domain is no longer served by node node-160
ClusterFileSystem: ServerFileSystem domain root3_domain is no longer served by node node-128
ClusterFileSystem: ServerFileSystem domain root9_domain is no longer served by node node-224
ClusterFileSystem: ServerFileSystem domain root10_domain is no longer served by node node-224
ClusterFileSystem: ServerFileSystem domain root28_domain is no longer served by node node-96
ClusterFileSystem: ServerFileSystem domain root30_domain is no longer served by node node-0
ClusterFileSystem: ServerFileSystem domain root26_domain is no longer served by node node-57
ClusterFileSystem: ServerFileSystem domain root29_local is no longer served by node node-28
ClusterFileSystem: ServerFileSystem domain root12_domain is no longer served by node node-11
ClusterFileSystem: ServerFileSystem domain root5_domain is no longer served by node node-196
ClusterFileSystem: ServerFileSystem domain root28_domain is no longer served by node node-187
ClusterFileSystem: ServerFileSystem domain root5_tmp is no longer served by node node-228
ClusterFileSystem: ServerFileSystem domain storage1422 is no longer served by node node-245
ClusterFileSystem: ServerFileSystem domain storage343 is no longer served by node node-11
ClusterFileSystem: ServerFileSystem domain root19_domain is no longer served by node node-114
ClusterFileSystem: ServerFileSystem domain root14_local is no longer served by node node-77
ClusterFileSystem: ServerFileSystem domain root6_domain is no longer served by node node-37
ClusterFileSystem: ServerFileSystem domain storage534 is no longer served by node node-18
ClusterFileSystem: ServerFileSystem domain root12_tmp is no longer served by node node-11
ClusterFileSystem: ServerFileSystem domain root23_local is no longer served by node node-182
ClusterFileSystem: ServerFileSystem domain root14_tmp is no longer served by node node-45
ClusterFileSystem: ServerFileSystem domain storage211 is no longer served by node node-4
ClusterFileSystem: ServerFileSystem domain root8_domain is no longer served by node node-167
ClusterFileSystem: ServerFileSystem domain root25_local is no longer served by node node-216
ClusterFileSystem: ServerFileSystem domain cluster_usr_backup is no longer served by node node-160
ClusterFileSystem: ServerFileSystem domain root_domain is no longer served by node node-128
ClusterFileSystem: ServerFileSystem domain root24_local is no longer served by node node-247
ClusterFileSystem: ServerFileSystem domain root18_tmp is no longer served by node node-241
ClusterFileSystem: ServerFileSystem domain root17_domain is no longer served by node node-240
ClusterFileSystem: ServerFileSystem domain sc_cluster_backup is no longer served by node node-0
ClusterFileSystem: ServerFileSystem domain cluster_usr_backup is no longer served by node node-192
ClusterFileSystem: ServerFileSystem domain cluster_var_backup is no longer served by node node-224
ClusterFileSystem: ServerFileSystem domain root1_tmp_backup is no longer served by node node-96
ClusterFileSystem: ServerFileSystem domain root1_domain_backup is no longer served by node node-96
ClusterFileSystem: ServerFileSystem domain root28_domain is no longer served by node node-219

Abstraction #9 * * clusterfilesystem clusterfilesystem.no_server * 1 ClusterFileSystem: There is no server for ServerFileSystem domain storage*
ClusterFileSystem: There is no server for ServerFileSystem domain storage234
ClusterFileSystem: There is no server for ServerFileSystem domain storage1412
ClusterFileSystem: There is no server for ServerFileSystem domain storage1024
ClusterFileSystem: There is no server for ServerFileSystem domain storage1534
ClusterFileSystem: There is no server for ServerFileSystem domain storage1231
ClusterFileSystem: There is no server for ServerFileSystem domain storage934
ClusterFileSystem: There is no server for ServerFileSystem domain storage131
ClusterFileSystem: There is no server for ServerFileSystem domain storage1144
ClusterFileSystem: There is no server for ServerFileSystem domain storage444
ClusterFileSystem: There is no server for ServerFileSystem domain storage141
ClusterFileSystem: There is no server for ServerFileSystem domain storage1622
ClusterFileSystem: There is no server for ServerFileSystem domain storage1612
ClusterFileSystem: There is no server for ServerFileSystem domain storage1622
ClusterFileSystem: There is no server for ServerFileSystem domain storage1542
ClusterFileSystem: There is no server for ServerFileSystem domain storage1644
ClusterFileSystem: There is no server for ServerFileSystem domain storage242
ClusterFileSystem: There is no server for ServerFileSystem domain storage1031
ClusterFileSystem: There is no server for ServerFileSystem domain storage1331
ClusterFileSystem: There is no server for ServerFileSystem domain storage742
ClusterFileSystem: There is no server for ServerFileSystem domain storage221
ClusterFileSystem: There is no server for ServerFileSystem domain storage622
ClusterFileSystem: There is no server for ServerFileSystem domain storage112
ClusterFileSystem: There is no server for ServerFileSystem domain storage1432
ClusterFileSystem: There is no server for ServerFileSystem domain storage142
ClusterFileSystem: There is no server for ServerFileSystem domain storage742
ClusterFileSystem: There is no server for ServerFileSystem domain storage1231
ClusterFileSystem: There is no server for ServerFileSystem domain storage1311
ClusterFileSystem: There is no server for ServerFileSystem domain storage411
ClusterFileSystem: There is no server for ServerFileSystem domain storage132
ClusterFileSystem: There is no server for ServerFileSystem domain storage832
ClusterFileSystem: There is no server for ServerFileSystem domain storage531
ClusterFileSystem: There is no server for ServerFileSystem domain storage321

Abstraction #10 130987 3504 boot_cmd abort 1111858191 1 Command has been aborted
Command has been aborted

Abstraction #11 * * boot_cmd success * 1 Command has completed successfully
Command has completed successfully
Command has completed successfully
Command has completed successfully
Command has completed successfully
Command has completed successfully
Command has completed successfully
Command has completed successfully
Command has completed successfully
Command has completed successfully
Command has completed successfully

Abstraction #12 * * unix.hw state_change.unavailable * 1 Component State Change: Component * is in the unavailable state (HWID=*)
Component State Change: Component \042SCSI-WWID:01000010:6005-08b4-0001-00c6-0006-3000-003d-0000\042 is in the unavailable state (HWID=1973)
Component State Change: Component \042alt0\042 is in the unavailable state (HWID=3180)
Component State Change: Component \042alt0\042 is in the unavailable state (HWID=5089)
Component State Change: Component \042alt0\042 is in the unavailable state (HWID=4088)
Component State Change: Component \042alt0\042 is in the unavailable state (HWID=2538)
Component State Change: Component \042alt0\042 is in the unavailable state (HWID=2480)
Component State Change: Component \042alt0\042 is in the unavailable state (HWID=3713)
Component State Change: Component \042alt0\042 is in the unavailable state (HWID=3891)
Component State Change: Component \042alt0\042 is in the unavailable state (HWID=2478)
Component State Change: Component \042alt0\042 is in the unavailable state (HWID=2969)
Component State Change: Component \042alt0\042 is in the unavailable state (HWID=4159)
Component State Change: Component \042alt0\042 is in the unavailable state (HWID=2608)

Abstraction #13 * * node status * * configured out
configured out
configured out
configured out
configured out
configured out
configured out
configured out
configured out
configured out
configured out
configured out
configured out
configured out
configured out
configured out
configured out
configured out
configured out
configured out
configured out
configured out
configured out
configured out
configured out
configured out
configured out
configured out
configured out
configured out
configured out
configured out
configured out
configured out
configured out
configured out
configured out
configured out
configured out
configured out
configured out
configured out
configured out
configured out
configured out
configured out
configured out
configured out
configured out
configured out
configured out
configured out
configured out
configured out
configured out
configured out
configured out
configured out
configured out
configured out
configured out
configured out
configured out
configured out
configured out
configured out
configured out
configured out
configured out
configured out
configured out
configured out
configured out
configured out
configured out
configured out
configured out
configured out
configured out
configured out
configured out
configured out
configured out
configured out
configured out
configured out
configured out
configured out
configured out
configured out
configured out
configured out

Abstraction #14 * * gige temperature * 1 critical
critical
critical
critical
critical
critical
critical
critical
critical
critical
critical
critical
critical
critical
critical
critical
critical
critical
critical
critical
critical

Abstraction #15 72725 3398 boot_cmd error 1108648264 1 Failed subcommands *
Failed subcommands 3406

Abstraction #16 * Interconnect-0N00 switch_module fan * 1 Fan speeds ( * * * **** * * )
Fan speeds ( 3552 3534 3375 **** 3515 3479 )
Fan speeds ( 3552 3534 3375 **** 3515 3479 )
Fan speeds ( 3552 3534 3375 **** 3515 3479 )
Fan speeds ( 3552 3534 3375 **** 3515 3479 )
Fan speeds ( 3552 3534 3375 **** 3515 3479 )
Fan speeds ( 3552 3534 3375 **** 3515 3479 )
Fan speeds ( 3552 3534 3375 **** 3515 3479 )
Fan speeds ( 3552 3534 3375 **** 3515 3479 )
Fan speeds ( 3552 3534 3375 **** 3515 3479 )
Fan speeds ( 3552 3534 3375 **** 3515 3479 )
Fan speeds ( 3552 3534 3375 **** 3515 3479 )
Fan speeds ( 3552 3534 3375 **** 3515 3479 )
Fan speeds ( 3552 3534 3375 **** 3515 3479 )
Fan speeds ( 3552 3534 3375 **** 3515 3479 )
Fan speeds ( 3552 3534 3375 **** 3515 3479 )
Fan speeds ( 3552 3534 3375 **** 3515 3479 )
Fan speeds ( 3552 3534 3375 **** 3515 3479 )
Fan speeds ( 3552 3534 3375 **** 3515 3479 )
Fan speeds ( 3552 3534 3375 **** 3515 3479 )
Fan speeds ( 3552 3534 3375 **** 3515 3479 )
Fan speeds ( 3552 3534 3375 **** 3515 3479 )
Fan speeds ( 3552 3534 3375 **** 3515 3479 )
Fan speeds ( 3552 3534 3375 **** 3515 3479 )
Fan speeds ( 3552 3534 3375 **** 3515 3479 )
Fan speeds ( 3552 3534 3375 **** 3515 3479 )
Fan speeds ( 3552 3534 3375 **** 3515 3479 )
Fan speeds ( 3552 3534 3375 **** 3515 3479 )
Fan speeds ( 3552 3534 3375 **** 3515 3479 )
Fan speeds ( 3552 3534 3375 **** 3515 3479 )
Fan speeds ( 3552 3534 3375 **** 3515 3479 )
Fan speeds ( 3552 3534 3375 **** 3515 3479 )
Fan speeds ( 3552 3534 3375 **** 3515 3479 )
Fan speeds ( 3552 3534 3375 **** 3515 3479 )
Fan speeds ( 3552 3534 3375 **** 3515 3479 )
Fan speeds ( 3552 3534 3375 **** 3515 3479 )
Fan speeds ( 3552 3534 3375 **** 3515 3479 )
Fan speeds ( 3552 3534 3375 **** 3515 3479 )
Fan speeds ( 3552 3534 3375 **** 3515 3479 )
Fan speeds ( 3552 3534 3375 **** 3515 3479 )
Fan speeds ( 3552 3534 3375 **** 3515 3479 )
Fan speeds ( 3552 3534 3375 **** 3515 3479 )
Fan speeds ( 3552 3534 3375 **** 3515 3479 )
Fan speeds ( 3552 3534 3375 **** 3515 3479 )
Fan speeds ( 3552 3534 3375 **** 3515 3479 )
Fan speeds ( 3552 3534 3375 **** 3515 3479 )
Fan speeds ( 3552 3534 3375 **** 3515 3479 )
Fan speeds ( 3552 3534 3375 **** 3515 3479 )
Fan speeds ( 3552 3534 3375 **** 3515 3479 )
Fan speeds ( 3552 3534 3375 **** 3515 3479 )
Fan speeds ( 3552 3534 3375 **** 3515 3479 )
Fan speeds ( 3552 3534 3375 **** 3515 3479 )
Fan speeds ( 3552 3534 3375 **** 3515 3479 )
Fan speeds ( 3552 3534 3391 **** 3515 3479 )
Fan speeds ( 3552 3534 3391 **** 3515 3479 )
Fan speeds ( 3552 3534 3391 **** 3515 3479 )
Fan speeds ( 3552 3534 3391 **** 3515 3479 )
Fan speeds ( 3552 3534 3391 **** 3515 3479 )
Fan speeds ( 3552 3534 3391 **** 3515 3479 )
Fan speeds ( 3552 3534 3391 **** 3515 3479 )
Fan speeds ( 3552 3534 3391 **** 3515 3479 )
Fan speeds ( 3552 3534 3391 **** 3515 3479 )
Fan speeds ( 3552 3534 3391 **** 3515 3479 )
Fan speeds ( 3552 3534 3391 **** 3515 3479 )
Fan speeds ( 3552 3534 3391 **** 3515 3479 )
Fan speeds ( 3552 3534 3391 **** 3515 3479 )
Fan speeds ( 3552 3534 3391 **** 3515 3479 )
Fan speeds ( 3552 3534 3391 **** 3515 3479 )
Fan speeds ( 3552 3552 3391 **** 3515 3497 )
Fan speeds ( 3552 3552 3391 **** 3515 3497 )
Fan speeds ( 3534 3534 3375 **** 3497 3479 )
Fan speeds ( 3534 3534 3375 **** 3497 3479 )
Fan speeds ( 3534 3534 3375 **** 3497 3479 )
Fan speeds ( 3534 3534 3375 **** 3497 3479 )
Fan speeds ( 3534 3534 3375 **** 3497 3479 )
Fan speeds ( 3534 3534 3375 **** 3497 3479 )
Fan speeds ( 3534 3534 3375 **** 3497 3479 )
Fan speeds ( 3534 3534 3375 **** 3497 3479 )
Fan speeds ( 3534 3534 3375 **** 3497 3479 )
Fan speeds ( 3534 3534 3375 **** 3497 3479 )

Abstraction #17 * Interconnect-0N00 switch_module fan * 1 Fan speeds ( * * * * * * )
Fan speeds ( 3552 3534 3375 4245 3515 3479 )
Fan speeds ( 3552 3534 3375 11637 3515 3479 )
Fan speeds ( 3552 3534 3375 4245 3515 3479 )
Fan speeds ( 3552 3534 3375 4470 3515 3479 )
Fan speeds ( 3552 3534 3375 4166 3515 3479 )
Fan speeds ( 3552 3534 3375 4530 3515 3479 )
Fan speeds ( 3552 3534 3375 4192 3515 3479 )
Fan speeds ( 3552 3534 3391 4299 3515 3479 )
Fan speeds ( 3534 3534 3375 4272 3497 3479 )
Fan speeds ( 3534 3534 3375 4470 3497 3479 )
Fan speeds ( 3534 3534 3375 4115 3497 3479 )

Abstraction #18 * * action start * 1 halt  (command *)
halt  (command 1982)
halt  (command 2221)
halt  (command 2992)

Abstraction #19 * * domain status * 1 inconsistent nodesets node-* * ok node-* * ok node-* * ok node-* * ok*
inconsistent nodesets node-160 0x0001edfe <ok> node-161 0x1001fdfe <ok> node-162 0x1001fdfe <ok> node-163 0x1001fdfe <ok>
inconsistent nodesets node-32 0x00000002 <ok> node-34 0x000001fe <ok> node-33 0x000001fe <ok> node-35 0x000001fe <ok>
inconsistent nodesets node-1 0x000001fc <ok> node-2 0x000001fc <ok> node-7 0x000001fc <ok> node-4 0x000001fc <ok> node-6 0x000001fc <ok> node-5 0x000001fc <ok> node-3 0x000001fc <ok> node-14 0x0003fdfc <ok> node-13 0x0003fdfc <ok> node-12 0x0003fdfc <ok> node-10 0x0003fdfc <ok> node-16 0x0003fdfc <ok> node-15 0x0003fdfc <ok>
inconsistent nodesets node-31 0x1fffffffe <ok> node-0 0xfffffffe <ok> node-1 0xfffffffe <ok> node-2 0xfffffffe <ok> node-30 0xfffffffe <ok>

Abstraction #20 * * switch_module * * 1 Link error
Link error
Link error
Link error
Link error
Link error
Link error
Link error
Link error
Link error
Link error
Link error
Link error
Link error

Abstraction #21 * * switch_module bcast-error * 1 Link error on broadcast tree Interconnect-*:*:*:*
Link error on broadcast tree Interconnect-0T00:00:2:1
Link error on broadcast tree Interconnect-1T00:00:3:6
Link error on broadcast tree Interconnect-1T00:00:2:0
Link error on broadcast tree Interconnect-1T00:00:2:0

Abstraction #22 * * switch_module error * 1 link errors remain current
link errors remain current
link errors remain current
link errors remain current
link errors remain current
link errors remain current
link errors remain current
link errors remain current
link errors remain current
link errors remain current
link errors remain current
link errors remain current
link errors remain current
link errors remain current
link errors remain current
link errors remain current
link errors remain current
link errors remain current
link errors remain current
link errors remain current
link errors remain current
link errors remain current
link errors remain current
link errors remain current
link errors remain current
link errors remain current
link errors remain current
link errors remain current
link errors remain current
link errors remain current
link errors remain current
link errors remain current
link errors remain current
link errors remain current
link errors remain current
link errors remain current
link errors remain current
link errors remain current
link errors remain current
link errors remain current
link errors remain current
link errors remain current
link errors remain current
link errors remain current
link errors remain current
link errors remain current
link errors remain current
link errors remain current
link errors remain current
link errors remain current
link errors remain current
link errors remain current
link errors remain current
link errors remain current
link errors remain current
link errors remain current
link errors remain current

Abstraction #23 * * switch_module * * 1 Link in reset
Link in reset
Link in reset
Link in reset
Link in reset
Link in reset
Link in reset
Link in reset
Link in reset
Link in reset

Abstraction #24 * * switch_module * * 1 Link ok
Link ok
Link ok
Link ok
Link ok
Link ok
Link ok
Link ok
Link ok
Link ok
Link ok
Link ok
Link ok
Link ok

Abstraction #25 * * switch_module error * * Linkerror event interval expired
Linkerror event interval expired
Linkerror event interval expired
Linkerror event interval expired
Linkerror event interval expired
Linkerror event interval expired
Linkerror event interval expired
Linkerror event interval expired
Linkerror event interval expired
Linkerror event interval expired
Linkerror event interval expired
Linkerror event interval expired
Linkerror event interval expired
Linkerror event interval expired
Linkerror event interval expired
Linkerror event interval expired
Linkerror event interval expired
Linkerror event interval expired
Linkerror event interval expired
Linkerror event interval expired
Linkerror event interval expired
Linkerror event interval expired
Linkerror event interval expired
Linkerror event interval expired
Linkerror event interval expired
Linkerror event interval expired
Linkerror event interval expired
Linkerror event interval expired
Linkerror event interval expired
Linkerror event interval expired
Linkerror event interval expired
Linkerror event interval expired
Linkerror event interval expired
Linkerror event interval expired
Linkerror event interval expired
Linkerror event interval expired
Linkerror event interval expired
Linkerror event interval expired
Linkerror event interval expired
Linkerror event interval expired
Linkerror event interval expired
Linkerror event interval expired
Linkerror event interval expired
Linkerror event interval expired
Linkerror event interval expired
Linkerror event interval expired
Linkerror event interval expired
Linkerror event interval expired
Linkerror event interval expired
Linkerror event interval expired
Linkerror event interval expired
Linkerror event interval expired
Linkerror event interval expired
Linkerror event interval expired
Linkerror event interval expired
Linkerror event interval expired
Linkerror event interval expired
Linkerror event interval expired
Linkerror event interval expired
Linkerror event interval expired
Linkerror event interval expired
Linkerror event interval expired
Linkerror event interval expired
Linkerror event interval expired
Linkerror event interval expired
Linkerror event interval expired
Linkerror event interval expired
Linkerror event interval expired
Linkerror event interval expired
Linkerror event interval expired
Linkerror event interval expired
Linkerror event interval expired
Linkerror event interval expired
Linkerror event interval expired
Linkerror event interval expired
Linkerror event interval expired
Linkerror event interval expired
Linkerror event interval expired
Linkerror event interval expired
Linkerror event interval expired
Linkerror event interval expired
Linkerror event interval expired
Linkerror event interval expired
Linkerror event interval expired
Linkerror event interval expired
Linkerror event interval expired
Linkerror event interval expired
Linkerror event interval expired
Linkerror event interval expired
Linkerror event interval expired
Linkerror event interval expired
Linkerror event interval expired
Linkerror event interval expired
Linkerror event interval expired
Linkerror event interval expired
Linkerror event interval expired
Linkerror event interval expired
Linkerror event interval expired
Linkerror event interval expired
Linkerror event interval expired
Linkerror event interval expired
Linkerror event interval expired
Linkerror event interval expired
Linkerror event interval expired
Linkerror event interval expired
Linkerror event interval expired
Linkerror event interval expired
Linkerror event interval expired
Linkerror event interval expired
Linkerror event interval expired
Linkerror event interval expired
Linkerror event interval expired
Linkerror event interval expired
Linkerror event interval expired
Linkerror event interval expired
Linkerror event interval expired
Linkerror event interval expired
Linkerror event interval expired
Linkerror event interval expired
Linkerror event interval expired
Linkerror event interval expired
Linkerror event interval expired
Linkerror event interval expired
Linkerror event interval expired
Linkerror event interval expired
Linkerror event interval expired
Linkerror event interval expired
Linkerror event interval expired
Linkerror event interval expired
Linkerror event interval expired
Linkerror event interval expired
Linkerror event interval expired
Linkerror event interval expired
Linkerror event interval expired
Linkerror event interval expired
Linkerror event interval expired
Linkerror event interval expired
Linkerror event interval expired
Linkerror event interval expired
Linkerror event interval expired
Linkerror event interval expired
Linkerror event interval expired
Linkerror event interval expired
Linkerror event interval expired
Linkerror event interval expired
Linkerror event interval expired
Linkerror event interval expired
Linkerror event interval expired
Linkerror event interval expired
Linkerror event interval expired
Linkerror event interval expired
Linkerror event interval expired
Linkerror event interval expired
Linkerror event interval expired
Linkerror event interval expired
Linkerror event interval expired
Linkerror event interval expired
Linkerror event interval expired
Linkerror event interval expired
Linkerror event interval expired
Linkerror event interval expired
Linkerror event interval expired
Linkerror event interval expired
Linkerror event interval expired
Linkerror event interval expired
Linkerror event interval expired
Linkerror event interval expired
Linkerror event interval expired
Linkerror event interval expired
Linkerror event interval expired
Linkerror event interval expired
Linkerror event interval expired
Linkerror event interval expired
Linkerror event interval expired
Linkerror event interval expired
Linkerror event interval expired
Linkerror event interval expired
Linkerror event interval expired
Linkerror event interval expired
Linkerror event interval expired
Linkerror event interval expired
Linkerror event interval expired
Linkerror event interval expired
Linkerror event interval expired
Linkerror event interval expired
Linkerror event interval expired
Linkerror event interval expired
Linkerror event interval expired
Linkerror event interval expired
Linkerror event interval expired
Linkerror event interval expired
Linkerror event interval expired
Linkerror event interval expired
Linkerror event interval expired
Linkerror event interval expired
Linkerror event interval expired
Linkerror event interval expired
Linkerror event interval expired
Linkerror event interval expired
Linkerror event interval expired
Linkerror event interval expired
Linkerror event interval expired
Linkerror event interval expired
Linkerror event interval expired
Linkerror event interval expired
Linkerror event interval expired
Linkerror event interval expired
Linkerror event interval expired
Linkerror event interval expired
Linkerror event interval expired
Linkerror event interval expired
Linkerror event interval expired
Linkerror event interval expired
Linkerror event interval expired
Linkerror event interval expired
Linkerror event interval expired
Linkerror event interval expired
Linkerror event interval expired
Linkerror event interval expired
Linkerror event interval expired
Linkerror event interval expired
Linkerror event interval expired
Linkerror event interval expired
Linkerror event interval expired
Linkerror event interval expired
Linkerror event interval expired
Linkerror event interval expired
Linkerror event interval expired
Linkerror event interval expired
Linkerror event interval expired
Linkerror event interval expired
Linkerror event interval expired
Linkerror event interval expired
Linkerror event interval expired
Linkerror event interval expired
Linkerror event interval expired
Linkerror event interval expired
Linkerror event interval expired
Linkerror event interval expired
Linkerror event interval expired
Linkerror event interval expired
Linkerror event interval expired
Linkerror event interval expired
Linkerror event interval expired
Linkerror event interval expired
Linkerror event interval expired
Linkerror event interval expired
Linkerror event interval expired
Linkerror event interval expired
Linkerror event interval expired
Linkerror event interval expired
Linkerror event interval expired
Linkerror event interval expired
Linkerror event interval expired
Linkerror event interval expired
Linkerror event interval expired
Linkerror event interval expired
Linkerror event interval expired
Linkerror event interval expired
Linkerror event interval expired
Linkerror event interval expired
Linkerror event interval expired
Linkerror event interval expired
Linkerror event interval expired
Linkerror event interval expired
Linkerror event interval expired
Linkerror event interval expired
Linkerror event interval expired
Linkerror event interval expired
Linkerror event interval expired
Linkerror event interval expired
Linkerror event interval expired
Linkerror event interval expired
Linkerror event interval expired
Linkerror event interval expired
Linkerror event interval expired
Linkerror event interval expired
Linkerror event interval expired
Linkerror event interval expired
Linkerror event interval expired
Linkerror event interval expired
Linkerror event interval expired
Linkerror event interval expired
Linkerror event interval expired
Linkerror event interval expired
Linkerror event interval expired
Linkerror event interval expired
Linkerror event interval expired
Linkerror event interval expired
Linkerror event interval expired
Linkerror event interval expired
Linkerror event interval expired
Linkerror event interval expired
Linkerror event interval expired
Linkerror event interval expired
Linkerror event interval expired
Linkerror event interval expired
Linkerror event interval expired
Linkerror event interval expired
Linkerror event interval expired
Linkerror event interval expired
Linkerror event interval expired
Linkerror event interval expired
Linkerror event interval expired
Linkerror event interval expired
Linkerror event interval expired
Linkerror event interval expired
Linkerror event interval expired
Linkerror event interval expired
Linkerror event interval expired
Linkerror event interval expired
Linkerror event interval expired
Linkerror event interval expired
Linkerror event interval expired
Linkerror event interval expired
Linkerror event interval expired
Linkerror event interval expired
Linkerror event interval expired
Linkerror event interval expired
Linkerror event interval expired
Linkerror event interval expired
Linkerror event interval expired
Linkerror event interval expired
Linkerror event interval expired
Linkerror event interval expired
Linkerror event interval expired
Linkerror event interval expired
Linkerror event interval expired
Linkerror event interval expired
Linkerror event interval expired
Linkerror event interval expired
Linkerror event interval expired
Linkerror event interval expired
Linkerror event interval expired
Linkerror event interval expired
Linkerror event interval expired
Linkerror event interval expired
Linkerror event interval expired
Linkerror event interval expired
Linkerror event interval expired
Linkerror event interval expired
Linkerror event interval expired
Linkerror event interval expired
Linkerror event interval expired
Linkerror event interval expired
Linkerror event interval expired
Linkerror event interval expired
Linkerror event interval expired
Linkerror event interval expired
Linkerror event interval expired
Linkerror event interval expired
Linkerror event interval expired
Linkerror event interval expired
Linkerror event interval expired
Linkerror event interval expired
Linkerror event interval expired
Linkerror event interval expired
Linkerror event interval expired
Linkerror event interval expired
Linkerror event interval expired
Linkerror event interval expired
Linkerror event interval expired
Linkerror event interval expired
Linkerror event interval expired
Linkerror event interval expired
Linkerror event interval expired
Linkerror event interval expired
Linkerror event interval expired
Linkerror event interval expired
Linkerror event interval expired
Linkerror event interval expired
Linkerror event interval expired
Linkerror event interval expired
Linkerror event interval expired
Linkerror event interval expired
Linkerror event interval expired
Linkerror event interval expired
Linkerror event interval expired
Linkerror event interval expired
Linkerror event interval expired
Linkerror event interval expired
Linkerror event interval expired
Linkerror event interval expired
Linkerror event interval expired
Linkerror event interval expired
Linkerror event interval expired
Linkerror event interval expired
Linkerror event interval expired
Linkerror event interval expired
Linkerror event interval expired
Linkerror event interval expired
Linkerror event interval expired
Linkerror event interval expired
Linkerror event interval expired
Linkerror event interval expired

Abstraction #26 * * unix.hw net.niff.down * 1 NIFF: node node-* detected a failed network connection on network * via interface alt0
NIFF: node node-69 detected a failed network connection on network 5.5.224.0 via interface alt0
NIFF: node node-162 detected a failed network connection on network 5.5.224.0 via interface alt0

Abstraction #27 * * unix.hw net.niff.up * 1 NIFF: node node-* has detected an available network connection on network * via interface alt0
NIFF: node node-148 has detected an available network connection on network 5.5.226.0 via interface alt0
NIFF: node node-26 has detected an available network connection on network 5.5.226.0 via interface alt0
NIFF: node node-120 has detected an available network connection on network 5.5.226.0 via interface alt0
NIFF: node node-142 has detected an available network connection on network 0.0.0.0 via interface alt0
NIFF: node node-73 has detected an available network connection on network 5.5.226.0 via interface alt0
NIFF: node node-252 has detected an available network connection on network 5.5.226.0 via interface alt0
NIFF: node node-163 has detected an available network connection on network 0.0.0.0 via interface alt0
NIFF: node node-186 has detected an available network connection on network 5.5.226.0 via interface alt0
NIFF: node node-176 has detected an available network connection on network 5.5.226.0 via interface alt0
NIFF: node node-237 has detected an available network connection on network 5.5.226.0 via interface alt0
NIFF: node node-157 has detected an available network connection on network 5.5.226.0 via interface alt0
NIFF: node node-214 has detected an available network connection on network 5.5.226.0 via interface alt0
NIFF: node node-45 has detected an available network connection on network 5.5.224.0 via interface alt0
NIFF: node node-151 has detected an available network connection on network 5.5.224.0 via interface alt0
NIFF: node node-29 has detected an available network connection on network 0.0.0.0 via interface alt0
NIFF: node node-87 has detected an available network connection on network 5.5.224.0 via interface alt0
NIFF: node node-203 has detected an available network connection on network 5.5.224.0 via interface alt0
NIFF: node node-113 has detected an available network connection on network 5.5.224.0 via interface alt0
NIFF: node node-104 has detected an available network connection on network 5.5.224.0 via interface alt0
NIFF: node node-193 has detected an available network connection on network 5.5.224.0 via interface alt0
NIFF: node node-139 has detected an available network connection on network 5.5.224.0 via interface alt0
NIFF: node node-143 has detected an available network connection on network 5.5.224.0 via interface alt0
NIFF: node node-106 has detected an available network connection on network 0.0.0.0 via interface alt0
NIFF: node node-7 has detected an available network connection on network 5.5.224.0 via interface alt0
NIFF: node node-240 has detected an available network connection on network 5.5.224.0 via interface alt0
NIFF: node node-204 has detected an available network connection on network 5.5.224.0 via interface alt0
NIFF: node node-46 has detected an available network connection on network 5.5.224.0 via interface alt0
NIFF: node node-150 has detected an available network connection on network 5.5.224.0 via interface alt0
NIFF: node node-91 has detected an available network connection on network 5.5.224.0 via interface alt0
NIFF: node node-44 has detected an available network connection on network 5.5.224.0 via interface alt0
NIFF: node node-244 has detected an available network connection on network 5.5.224.0 via interface alt0
NIFF: node node-17 has detected an available network connection on network 0.0.0.0 via interface alt0
NIFF: node node-202 has detected an available network connection on network 5.5.224.0 via interface alt0
NIFF: node node-205 has detected an available network connection on network 5.5.224.0 via interface alt0
NIFF: node node-44 has detected an available network connection on network 5.5.224.0 via interface alt0
NIFF: node node-187 has detected an available network connection on network 5.5.224.0 via interface alt0
NIFF: node node-221 has detected an available network connection on network 5.5.224.0 via interface alt0
NIFF: node node-189 has detected an available network connection on network 5.5.224.0 via interface alt0
NIFF: node node-218 has detected an available network connection on network 5.5.224.0 via interface alt0
NIFF: node node-94 has detected an available network connection on network 5.5.224.0 via interface alt0
NIFF: node node-77 has detected an available network connection on network 5.5.224.0 via interface alt0
NIFF: node node-178 has detected an available network connection on network 0.0.0.0 via interface alt0
NIFF: node node-161 has detected an available network connection on network 0.0.0.0 via interface alt0
NIFF: node node-73 has detected an available network connection on network 0.0.0.0 via interface alt0

Abstraction #28 * * unix.hw net.niff.up * 1 NIFF: node node-* has detected an available network connection on network * via interface ee0
NIFF: node node-129 has detected an available network connection on network 10.128.0.0 via interface ee0
NIFF: node node-24 has detected an available network connection on network 10.128.0.0 via interface ee0
NIFF: node node-232 has detected an available network connection on network 10.128.0.0 via interface ee0
NIFF: node node-17 has detected an available network connection on network 10.128.0.0 via interface ee0
NIFF: node node-241 has detected an available network connection on network 10.128.0.0 via interface ee0
NIFF: node node-173 has detected an available network connection on network 10.128.0.0 via interface ee0
NIFF: node node-189 has detected an available network connection on network 10.128.0.0 via interface ee0
NIFF: node node-205 has detected an available network connection on network 10.128.0.0 via interface ee0
NIFF: node node-155 has detected an available network connection on network 10.128.0.0 via interface ee0
NIFF: node node-75 has detected an available network connection on network 10.128.0.0 via interface ee0
NIFF: node node-9 has detected an available network connection on network 10.128.0.0 via interface ee0
NIFF: node node-208 has detected an available network connection on network 10.128.0.0 via interface ee0
NIFF: node node-139 has detected an available network connection on network 10.128.0.0 via interface ee0
NIFF: node node-84 has detected an available network connection on network 10.128.0.0 via interface ee0
NIFF: node node-217 has detected an available network connection on network 10.128.0.0 via interface ee0
NIFF: node node-202 has detected an available network connection on network 10.128.0.0 via interface ee0
NIFF: node node-254 has detected an available network connection on network 10.128.0.0 via interface ee0
NIFF: node node-234 has detected an available network connection on network 10.128.0.0 via interface ee0
NIFF: node node-244 has detected an available network connection on network 10.128.0.0 via interface ee0
NIFF: node node-30 has detected an available network connection on network 10.128.0.0 via interface ee0
NIFF: node node-44 has detected an available network connection on network 10.128.0.0 via interface ee0
NIFF: node node-255 has detected an available network connection on network 10.128.0.0 via interface ee0
NIFF: node node-188 has detected an available network connection on network 10.128.0.0 via interface ee0
NIFF: node node-72 has detected an available network connection on network 10.128.0.0 via interface ee0
NIFF: node node-152 has detected an available network connection on network 10.128.0.0 via interface ee0
NIFF: node node-142 has detected an available network connection on network 10.128.0.0 via interface ee0
NIFF: node node-45 has detected an available network connection on network 10.128.0.0 via interface ee0
NIFF: node node-233 has detected an available network connection on network 10.128.0.0 via interface ee0
NIFF: node node-23 has detected an available network connection on network 10.128.0.0 via interface ee0
NIFF: node node-190 has detected an available network connection on network 10.128.0.0 via interface ee0
NIFF: node node-84 has detected an available network connection on network 10.128.0.0 via interface ee0
NIFF: node node-19 has detected an available network connection on network 10.128.0.0 via interface ee0
NIFF: node node-253 has detected an available network connection on network 10.128.0.0 via interface ee0
NIFF: node node-29 has detected an available network connection on network 10.128.0.0 via interface ee0
NIFF: node node-86 has detected an available network connection on network 10.128.0.0 via interface ee0
NIFF: node node-42 has detected an available network connection on network 10.128.0.0 via interface ee0
NIFF: node node-26 has detected an available network connection on network 10.128.0.0 via interface ee0
NIFF: node node-182 has detected an available network connection on network 10.128.0.0 via interface ee0
NIFF: node node-69 has detected an available network connection on network 10.128.0.0 via interface ee0
NIFF: node node-183 has detected an available network connection on network 10.128.0.0 via interface ee0
NIFF: node node-212 has detected an available network connection on network 10.128.0.0 via interface ee0
NIFF: node node-248 has detected an available network connection on network 10.128.0.0 via interface ee0
NIFF: node node-176 has detected an available network connection on network 10.128.0.0 via interface ee0
NIFF: node node-176 has detected an available network connection on network 10.128.0.0 via interface ee0
NIFF: node node-171 has detected an available network connection on network 10.128.0.0 via interface ee0

Abstraction #29 * * unix.hw net.niff.up * 1 NIFF: node node-* has detected an available network connection on network * via interface scip0
NIFF: node node-130 has detected an available network connection on network 10.96.0.0 via interface scip0
NIFF: node node-144 has detected an available network connection on network 10.96.0.0 via interface scip0

Abstraction #30 * * gige temperature * 1 normal
normal
normal
normal
normal
normal
normal
normal
normal
normal
normal
normal
normal
normal
normal
normal
normal
normal
normal
normal
normal
normal
normal
normal
normal
normal
normal
normal
normal
normal
normal
normal
normal
normal
normal
normal
normal
normal
normal
normal
normal
normal
normal
normal
normal
normal
normal
normal
normal
normal
normal
normal
normal
normal
normal
normal
normal
normal
normal
normal
normal
normal
normal
normal
normal
normal
normal
normal
normal
normal
normal
normal
normal
normal
normal
normal
normal
normal
normal
normal
normal
normal
normal
normal
normal
normal
normal
normal
normal
normal
normal
normal
normal
normal
normal
normal
normal
normal
normal
normal
normal
normal
normal
normal
normal
normal
normal
normal
normal
normal
normal
normal
normal
normal
normal
normal
normal
normal
normal
normal
normal
normal
normal
normal
normal
normal
normal
normal
normal
normal
normal
normal
normal
normal
normal
normal
normal
normal
normal
normal
normal
normal
normal
normal
normal
normal
normal
normal
normal
normal
normal
normal
normal
normal
normal
normal
normal
normal
normal
normal
normal
normal
normal
normal
normal
normal
normal
normal
normal
normal
normal
normal
normal
normal
normal
normal
normal
normal
normal
normal
normal
normal
normal
normal
normal
normal
normal
normal
normal
normal
normal
normal
normal
normal
normal
normal
normal
normal
normal
normal
normal
normal
normal
normal
normal
normal
normal

Abstraction #31 * * * status * * not responding
not responding
not responding
not responding
not responding
not responding
not responding
not responding
not responding
not responding
not responding
not responding
not responding
not responding
not responding
not responding
not responding
not responding
not responding
not responding
not responding
not responding
not responding
not responding
not responding
not responding
not responding
not responding
not responding
not responding
not responding
not responding
not responding
not responding
not responding
not responding
not responding
not responding
not responding
not responding
not responding
not responding
not responding
not responding
not responding
not responding
not responding
not responding
not responding
not responding
not responding
not responding
not responding
not responding
not responding
not responding
not responding
not responding
not responding
not responding
not responding

Abstraction #32 371602 node--tc6 tserver status 1085921002 1 not-responding
not-responding

Abstraction #33 27385 Interconnect-0N02 switch_module control 1101771720 1 power/control problem
power/control problem

Abstraction #34 * * node psu * 1 psu failure\ ambient=*
psu failure\ ambient=28
psu failure\ ambient=28
psu failure\ ambient=28
psu failure\ ambient=28
psu failure\ ambient=31

Abstraction #35 2571927 node-28 action start 1074125371 1 risBoot  (command *)
risBoot  (command 1903)

Abstraction #36 2570021 node-5 action error 1074121927 1 risBoot (command *) Error: Timed out while waiting for SRM prompt: ABORT code completed
risBoot (command 1903) Error: Timed out while waiting for SRM prompt: <ABORT code completed>

Abstraction #37 * * * status * * running
running
running
running
running
running
running
running
running
running
running
running
running
running
running
running
running
running
running
running
running
running
running
running
running
running
running
running
running
running
running
running
running
running
running
running
running
running
running
running
running
running
running
running
running
running
running
running
running
running
running
running
running
running
running
running
running
running
running
running
running
running
running
running
running
running
running
running
running
running
running
running
running
running
running
running
running
running
running
running
running
running
running
running
running
running
running
running
running
running
running
running
running
running
running
running
running
running
running
running
running
running
running
running
running
running
running
running
running
running
running
running
running
running
running
running
running
running
running
running
running
running
running
running
running
running
running
running
running
running
running
running
running
running
running
running
running
running
running
running
running
running
running
running
running
running
running
running
running
running
running
running
running
running
running
running
running
running
running
running
running
running
running

Abstraction #38 180537 node-D0 clusterfilesystem fdmn.panic 1131228351 1 ServerFileSystem: An ServerFileSystem domain panic has occurred on *
ServerFileSystem: An ServerFileSystem domain panic has occurred on storage442

Abstraction #39 * * clusterfilesystem fdmn.full * 1 ServerFileSystem: ServerFileSystem domain * is full
ServerFileSystem: ServerFileSystem domain root14_local is full
ServerFileSystem: ServerFileSystem domain root10_local is full
ServerFileSystem: ServerFileSystem domain root22_local is full
ServerFileSystem: ServerFileSystem domain root13_local is full
ServerFileSystem: ServerFileSystem domain root26_tmp is full
ServerFileSystem: ServerFileSystem domain root7_local is full
ServerFileSystem: ServerFileSystem domain root1_local is full
ServerFileSystem: ServerFileSystem domain root22_local is full
ServerFileSystem: ServerFileSystem domain root3_local is full
ServerFileSystem: ServerFileSystem domain root25_local is full
ServerFileSystem: ServerFileSystem domain root26_local is full
ServerFileSystem: ServerFileSystem domain root22_local is full

Abstraction #40 140676 full partition status 1112346856 1 starting
starting

Abstraction #41 * * boot_cmd new * 1 Targeting domains:node-D* and nodes:node-[*-*] child of command *
Targeting domains:node-D3 and nodes:node-[104-127] child of command 1963
Targeting domains:node-D4 and nodes:node-[136-159] child of command 1964
Targeting domains:node-D4 and nodes:node-[128-135] child of command 2401
Targeting domains:node-D0 and nodes:node-[8-31] child of command 2489
Targeting domains:node-D2 and nodes:node-[64-95] child of command 3488

Abstraction #42 * * * new * 1 Targeting domains:node-D*and nodes:node-*
Targeting domains:node-D7 and nodes:node-[224\ 228\ 232]
Targeting domains:node-D0 and nodes:node-0
Targeting domains:node-D[0\ 5] and nodes:node-[27\ 191]
Targeting domains:node-D2 and nodes:node-84

Abstraction #43 * Interconnect-0N00 switch_module temphigh * 1 Temperature (*C) exceeds warning threshold
Temperature (41C) exceeds warning threshold
Temperature (41C) exceeds warning threshold

Abstraction #44 * * action start * 1 wait  (command *)
wait  (command 1975)
wait  (command 1973)
wait  (command 2057)
wait  (command 2154)
wait  (command 2217)
wait  (command 2217)
wait  (command 2201)
wait  (command 2199)
wait  (command 2189)
wait  (command 2302)
wait  (command 2270)
wait  (command 2257)
wait  (command 2322)
wait  (command 2354)
wait  (command 2347)
wait  (command 2424)
wait  (command 2449)
wait  (command 2468)
wait  (command 2517)
wait  (command 2511)
wait  (command 2513)
wait  (command 2484)
wait  (command 2607)
wait  (command 2582)
wait  (command 2549)
wait  (command 2683)
wait  (command 2682)
wait  (command 2763)
wait  (command 2800)
wait  (command 2817)
wait  (command 2823)
wait  (command 2817)
wait  (command 2900)
wait  (command 2885)
wait  (command 2909)
wait  (command 2963)
wait  (command 3087)
wait  (command 3079)
wait  (command 3078)
wait  (command 3141)
wait  (command 3319)
wait  (command 3334)
wait  (command 3412)
wait  (command 3523)
wait  (command 3525)
wait  (command 3519)
wait  (command 3612)
wait  (command 3609)
wait  (command 3649)
wait  (command 3690)
wait  (command 3698)
wait  (command 3709)
wait  (command 3837)
wait  (command 3847)
wait  (command 3973)
wait  (command 3981)
wait  (command 3981)
wait  (command 4061)
wait  (command 4110)
wait  (command 4116)
wait  (command 4117)
wait  (command 4145)
wait  (command 4176)
wait  (command 4176)
wait  (command 4221)
wait  (command 4219)

Abstraction #45 * * gige temperature * 1 warning
warning
warning
warning
warning
warning
warning
warning
warning
warning
warning
warning
warning
warning
warning
warning
warning
warning
warning
warning
warning
warning
warning
warning
warning
warning
warning
warning
warning
warning
warning
warning
warning
warning
warning
warning
warning
warning
warning
warning
warning
warning
warning
warning
warning
warning
warning
warning
warning
warning
warning
warning
warning
warning
warning
warning
warning
warning
warning
warning
warning
warning
warning
warning
warning
warning
warning
warning
warning
warning
warning
warning
warning
warning
warning
warning
warning
warning
warning
warning
warning
warning
warning
warning
warning
warning
warning
warning
warning
warning
warning
warning
warning
warning
warning
warning
warning
warning
warning
warning
warning
warning
warning
warning
warning
warning
warning
warning
warning
warning
warning
warning
warning
warning
warning
warning
warning
warning
warning
warning
warning
warning
warning
warning
warning
warning
warning
warning
warning
warning
warning
warning
warning
warning
warning
warning
warning
warning
warning
warning
warning
warning
warning
warning
warning
warning
warning
warning
warning
warning
warning
warning
warning
warning
warning
warning
warning
warning
warning
warning
warning
warning
warning
warning
warning
warning
warning
warning
warning
warning
warning
warning
warning
warning
warning
warning
warning
warning
warning
warning
warning
warning
warning
warning
warning
warning
warning
warning
warning
warning
warning
warning
warning
warning
warning
warning
warning
warning
warning
warning
warning
warning
warning
warning
warning
warning
